<html>
<head>
<title>TestNG:  Default test</title>
<link href="../testng.css" rel="stylesheet" type="text/css" />
<link href="../my-testng.css" rel="stylesheet" type="text/css" />

<style type="text/css">
.log { display: none;} 
.stack-trace { display: none;} 
</style>
<script type="text/javascript">
<!--
function flip(e) {
  current = e.style.display;
  if (current == 'block') {
    e.style.display = 'none';
    return 0;
  }
  else {
    e.style.display = 'block';
    return 1;
  }
}

function toggleBox(szDivId, elem, msg1, msg2)
{
  var res = -1;  if (document.getElementById) {
    res = flip(document.getElementById(szDivId));
  }
  else if (document.all) {
    // this is the way old msie versions work
    res = flip(document.all[szDivId]);
  }
  if(elem) {
    if(res == 0) elem.innerHTML = msg1; else elem.innerHTML = msg2;
  }

}

function toggleAllBoxes() {
  if (document.getElementsByTagName) {
    d = document.getElementsByTagName('div');
    for (i = 0; i < d.length; i++) {
      if (d[i].className == 'log') {
        flip(d[i]);
      }
    }
  }
}

// -->
</script>

</head>
<body>
<h2 align='center'>Default test</h2><table border='1' align="center">
<tr>
<td>Tests passed/Failed/Skipped:</td><td>3/2/0</td>
</tr><tr>
<td>Started on:</td><td>Wed Apr 19 20:52:43 IST 2023</td>
</tr>
<tr><td>Total time:</td><td>69 seconds (69757 ms)</td>
</tr><tr>
<td>Included groups:</td><td></td>
</tr><tr>
<td>Excluded groups:</td><td></td>
</tr>
</table><p/>
<small><i>(Hover the method name to see the test class name)</i></small><p/>
<table width='100%' border='1' class='invocation-failed'>
<tr><td colspan='4' align='center'><b>FAILED TESTS</b></td></tr>
<tr><td><b>Test method</b></td>
<td><b>Attribute(s)</b></td>
<td width="30%"><b>Exception</b></td>
<td width="10%"><b>Time (seconds)</b></td>
<td><b>Instance</b></td>
</tr>
<tr>
<td title='cucumberOptions.TestRunner.runScenario()'><b>runScenario</b><br>Test class: cucumberOptions.TestRunner<br>Test method: Runs Cucumber Scenarios<br>Parameters: "Verify user is able to buy product from homepage flow as Guest", "Buy Product Functionality"</td>
<td><div><pre>java.lang.AssertionError: expected [Warning: Payment method required!] but found [Warning: Payment method required!
×]
	at org.testng.Assert.fail(Assert.java:110)
	at org.testng.Assert.failNotEquals(Assert.java:1577)
	at org.testng.Assert.assertEqualsImpl(Assert.java:149)
	at org.testng.Assert.assertEquals(Assert.java:131)
	at org.testng.Assert.assertEquals(Assert.java:655)
	at org.testng.Assert.assertEquals(Assert.java:665)
	at stepDefinitions.CheckoutPageStep.user_is_able_to_buy_product_and_shows(CheckoutPageStep.java:40)
	at ?.user is able to buy product and shows &quot;Your order has been placed!&quot;(file:///D:/Workspace/Eclipse%20Work%201/Sept%20to%20April%2022/CucumberFramework17Sept/src/test/java/features/BuyProduct.feature:13)
</pre></div><a href='#' onClick='toggleBox("stack-trace1940844413", this, "Click to show all stack frames", "Click to hide stack frames")'>Click to show all stack frames</a>
<div class='stack-trace' id='stack-trace1940844413'><pre>java.lang.AssertionError: expected [Warning: Payment method required!] but found [Warning: Payment method required!
×]
	at org.testng.Assert.fail(Assert.java:110)
	at org.testng.Assert.failNotEquals(Assert.java:1577)
	at org.testng.Assert.assertEqualsImpl(Assert.java:149)
	at org.testng.Assert.assertEquals(Assert.java:131)
	at org.testng.Assert.assertEquals(Assert.java:655)
	at org.testng.Assert.assertEquals(Assert.java:665)
	at stepDefinitions.CheckoutPageStep.user_is_able_to_buy_product_and_shows(CheckoutPageStep.java:40)
	at ?.user is able to buy product and shows &quot;Your order has been placed!&quot;(file:///D:/Workspace/Eclipse%20Work%201/Sept%20to%20April%2022/CucumberFramework17Sept/src/test/java/features/BuyProduct.feature:13)
</pre></div></td>
<td>20</td>
<td>cucumberOptions.TestRunner@5fe94a96</td></tr>
<tr>
<td title='cucumberOptions.TestRunner.runScenario()'><b>runScenario</b><br>Test class: cucumberOptions.TestRunner<br>Test method: Runs Cucumber Scenarios<br>Parameters: "Verify user is able to create account with valid details", "Register Functionality"</td>
<td><div><pre>java.lang.AssertionError: expected [Your Account Has Been Created!] but found [Register Account]
	at org.testng.Assert.fail(Assert.java:110)
	at org.testng.Assert.failNotEquals(Assert.java:1577)
	at org.testng.Assert.assertEqualsImpl(Assert.java:149)
	at org.testng.Assert.assertEquals(Assert.java:131)
	at org.testng.Assert.assertEquals(Assert.java:655)
	at org.testng.Assert.assertEquals(Assert.java:665)
	at stepDefinitions.RegisterPageStep.account_created_successfully_and_shows(RegisterPageStep.java:48)
	at ?.account created successfully and shows &quot;Your Account Has Been Created!&quot;(file:///D:/Workspace/Eclipse%20Work%201/Sept%20to%20April%2022/CucumberFramework17Sept/src/test/java/features/Register.feature:11)
</pre></div><a href='#' onClick='toggleBox("stack-trace1403662281", this, "Click to show all stack frames", "Click to hide stack frames")'>Click to show all stack frames</a>
<div class='stack-trace' id='stack-trace1403662281'><pre>java.lang.AssertionError: expected [Your Account Has Been Created!] but found [Register Account]
	at org.testng.Assert.fail(Assert.java:110)
	at org.testng.Assert.failNotEquals(Assert.java:1577)
	at org.testng.Assert.assertEqualsImpl(Assert.java:149)
	at org.testng.Assert.assertEquals(Assert.java:131)
	at org.testng.Assert.assertEquals(Assert.java:655)
	at org.testng.Assert.assertEquals(Assert.java:665)
	at stepDefinitions.RegisterPageStep.account_created_successfully_and_shows(RegisterPageStep.java:48)
	at ?.account created successfully and shows &quot;Your Account Has Been Created!&quot;(file:///D:/Workspace/Eclipse%20Work%201/Sept%20to%20April%2022/CucumberFramework17Sept/src/test/java/features/Register.feature:11)
</pre></div></td>
<td>14</td>
<td>cucumberOptions.TestRunner@5fe94a96</td></tr>
</table><p>
<table width='100%' border='1' class='invocation-passed'>
<tr><td colspan='4' align='center'><b>PASSED TESTS</b></td></tr>
<tr><td><b>Test method</b></td>
<td><b>Attribute(s)</b></td>
<td width="30%"><b>Exception</b></td>
<td width="10%"><b>Time (seconds)</b></td>
<td><b>Instance</b></td>
</tr>
<tr>
<td title='cucumberOptions.TestRunner.runScenario()'><b>runScenario</b><br>Test class: cucumberOptions.TestRunner<br>Test method: Runs Cucumber Scenarios<br>Parameters: "Verify user unable to create account with invalid details - Tried with existing email", "Register Functionality"</td>
<td></td>
<td>14</td>
<td>cucumberOptions.TestRunner@5fe94a96</td></tr>
<tr>
<td title='cucumberOptions.TestRunner.runScenario()'><b>runScenario</b><br>Test class: cucumberOptions.TestRunner<br>Test method: Runs Cucumber Scenarios<br>Parameters: "Verify user is able to logged in account with valid details", "Login Functionality"</td>
<td></td>
<td>10</td>
<td>cucumberOptions.TestRunner@5fe94a96</td></tr>
<tr>
<td title='cucumberOptions.TestRunner.runScenario()'><b>runScenario</b><br>Test class: cucumberOptions.TestRunner<br>Test method: Runs Cucumber Scenarios<br>Parameters: "Verify user unable to login with invalid details", "Login Functionality"</td>
<td></td>
<td>8</td>
<td>cucumberOptions.TestRunner@5fe94a96</td></tr>
</table><p>
</body>
</html>