<?xml version="1.0" encoding="UTF-8"?>
<testng-results ignored="0" total="5" passed="3" failed="2" skipped="0">
  <reporter-output>
  </reporter-output>
  <suite started-at="2023-04-19T20:52:43 IST" name="Default suite" finished-at="2023-04-19T20:53:52 IST" duration-ms="69757">
    <groups>
      <group name="cucumber">
        <method signature="AbstractTestNGCucumberTests.runScenario(io.cucumber.testng.PickleWrapper,io.cucumber.testng.FeatureWrapper)[pri:0, instance:cucumberOptions.TestRunner@5fe94a96]" name="runScenario" class="io.cucumber.testng.AbstractTestNGCucumberTests"/>
      </group> <!-- cucumber -->
    </groups>
    <test started-at="2023-04-19T20:52:43 IST" name="Default test" finished-at="2023-04-19T20:53:52 IST" duration-ms="69757">
      <class name="cucumberOptions.TestRunner">
        <test-method is-config="true" signature="setUpClass(org.testng.ITestContext)[pri:0, instance:cucumberOptions.TestRunner@5fe94a96]" started-at="2023-04-19T20:52:43 IST" name="setUpClass" finished-at="2023-04-19T20:52:43 IST" duration-ms="611" status="PASS">
          <params>
            <param index="0">
              <value>
                <![CDATA[org.testng.TestRunner@7e5efcab]]>
              </value>
            </param>
          </params>
          <reporter-output>
          </reporter-output>
        </test-method> <!-- setUpClass -->
        <test-method signature="runScenario(io.cucumber.testng.PickleWrapper,io.cucumber.testng.FeatureWrapper)[pri:0, instance:cucumberOptions.TestRunner@5fe94a96]" started-at="2023-04-19T20:52:43 IST" name="runScenario" description="Runs Cucumber Scenarios" data-provider="scenarios" finished-at="2023-04-19T20:53:03 IST" duration-ms="20093" status="FAIL">
          <params>
            <param index="0">
              <value>
                <![CDATA["Verify user is able to buy product from homepage flow as Guest"]]>
              </value>
            </param>
            <param index="1">
              <value>
                <![CDATA["Buy Product Functionality"]]>
              </value>
            </param>
          </params>
          <exception class="java.lang.AssertionError">
            <message>
              <![CDATA[expected [Warning: Payment method required!] but found [Warning: Payment method required!
×]]]>
            </message>
            <full-stacktrace>
              <![CDATA[java.lang.AssertionError: expected [Warning: Payment method required!] but found [Warning: Payment method required!
×]
at org.testng.Assert.fail(Assert.java:110)
at org.testng.Assert.failNotEquals(Assert.java:1577)
at org.testng.Assert.assertEqualsImpl(Assert.java:149)
at org.testng.Assert.assertEquals(Assert.java:131)
at org.testng.Assert.assertEquals(Assert.java:655)
at org.testng.Assert.assertEquals(Assert.java:665)
at stepDefinitions.CheckoutPageStep.user_is_able_to_buy_product_and_shows(CheckoutPageStep.java:40)
at ✽.user is able to buy product and shows "Your order has been placed!"(file:///D:/Workspace/Eclipse%20Work%201/Sept%20to%20April%2022/CucumberFramework17Sept/src/test/java/features/BuyProduct.feature:13)
]]>
            </full-stacktrace>
          </exception> <!-- java.lang.AssertionError -->
          <reporter-output>
          </reporter-output>
        </test-method> <!-- runScenario -->
        <test-method signature="runScenario(io.cucumber.testng.PickleWrapper,io.cucumber.testng.FeatureWrapper)[pri:0, instance:cucumberOptions.TestRunner@5fe94a96]" started-at="2023-04-19T20:53:03 IST" name="runScenario" description="Runs Cucumber Scenarios" data-provider="scenarios" finished-at="2023-04-19T20:53:14 IST" duration-ms="10548" status="PASS">
          <params>
            <param index="0">
              <value>
                <![CDATA["Verify user is able to logged in account with valid details"]]>
              </value>
            </param>
            <param index="1">
              <value>
                <![CDATA["Login Functionality"]]>
              </value>
            </param>
          </params>
          <reporter-output>
          </reporter-output>
        </test-method> <!-- runScenario -->
        <test-method signature="runScenario(io.cucumber.testng.PickleWrapper,io.cucumber.testng.FeatureWrapper)[pri:0, instance:cucumberOptions.TestRunner@5fe94a96]" started-at="2023-04-19T20:53:14 IST" name="runScenario" description="Runs Cucumber Scenarios" data-provider="scenarios" finished-at="2023-04-19T20:53:23 IST" duration-ms="8969" status="PASS">
          <params>
            <param index="0">
              <value>
                <![CDATA["Verify user unable to login with invalid details"]]>
              </value>
            </param>
            <param index="1">
              <value>
                <![CDATA["Login Functionality"]]>
              </value>
            </param>
          </params>
          <reporter-output>
          </reporter-output>
        </test-method> <!-- runScenario -->
        <test-method signature="runScenario(io.cucumber.testng.PickleWrapper,io.cucumber.testng.FeatureWrapper)[pri:0, instance:cucumberOptions.TestRunner@5fe94a96]" started-at="2023-04-19T20:53:23 IST" name="runScenario" description="Runs Cucumber Scenarios" data-provider="scenarios" finished-at="2023-04-19T20:53:38 IST" duration-ms="14727" status="FAIL">
          <params>
            <param index="0">
              <value>
                <![CDATA["Verify user is able to create account with valid details"]]>
              </value>
            </param>
            <param index="1">
              <value>
                <![CDATA["Register Functionality"]]>
              </value>
            </param>
          </params>
          <exception class="java.lang.AssertionError">
            <message>
              <![CDATA[expected [Your Account Has Been Created!] but found [Register Account]]]>
            </message>
            <full-stacktrace>
              <![CDATA[java.lang.AssertionError: expected [Your Account Has Been Created!] but found [Register Account]
at org.testng.Assert.fail(Assert.java:110)
at org.testng.Assert.failNotEquals(Assert.java:1577)
at org.testng.Assert.assertEqualsImpl(Assert.java:149)
at org.testng.Assert.assertEquals(Assert.java:131)
at org.testng.Assert.assertEquals(Assert.java:655)
at org.testng.Assert.assertEquals(Assert.java:665)
at stepDefinitions.RegisterPageStep.account_created_successfully_and_shows(RegisterPageStep.java:48)
at ✽.account created successfully and shows "Your Account Has Been Created!"(file:///D:/Workspace/Eclipse%20Work%201/Sept%20to%20April%2022/CucumberFramework17Sept/src/test/java/features/Register.feature:11)
]]>
            </full-stacktrace>
          </exception> <!-- java.lang.AssertionError -->
          <reporter-output>
          </reporter-output>
        </test-method> <!-- runScenario -->
        <test-method signature="runScenario(io.cucumber.testng.PickleWrapper,io.cucumber.testng.FeatureWrapper)[pri:0, instance:cucumberOptions.TestRunner@5fe94a96]" started-at="2023-04-19T20:53:38 IST" name="runScenario" description="Runs Cucumber Scenarios" data-provider="scenarios" finished-at="2023-04-19T20:53:52 IST" duration-ms="14596" status="PASS">
          <params>
            <param index="0">
              <value>
                <![CDATA["Verify user unable to create account with invalid details - Tried with existing email"]]>
              </value>
            </param>
            <param index="1">
              <value>
                <![CDATA["Register Functionality"]]>
              </value>
            </param>
          </params>
          <reporter-output>
          </reporter-output>
        </test-method> <!-- runScenario -->
        <test-method is-config="true" signature="tearDownClass()[pri:0, instance:cucumberOptions.TestRunner@5fe94a96]" started-at="2023-04-19T20:53:52 IST" name="tearDownClass" finished-at="2023-04-19T20:53:52 IST" duration-ms="137" status="PASS">
          <reporter-output>
          </reporter-output>
        </test-method> <!-- tearDownClass -->
      </class> <!-- cucumberOptions.TestRunner -->
    </test> <!-- Default test -->
  </suite> <!-- Default suite -->
</testng-results>
