<?xml version="1.0" encoding="UTF-8"?>
<!-- Generated by org.testng.reporters.JUnitReportReporter -->
<testsuite hostname="DESKTOP-1CCS179" failures="2" tests="5" name="cucumberOptions.TestRunner" time="68.933" errors="0" timestamp="2023-04-19T20:53:53 IST" skipped="0">
  <testcase classname="cucumberOptions.TestRunner" name="runScenario" time="14.596"/>
  <system-out/>
  <testcase classname="cucumberOptions.TestRunner" name="runScenario" time="20.093">
    <failure message="expected [Warning: Payment method required!] but found [Warning: Payment method required!
×]" type="java.lang.AssertionError">
      <![CDATA[java.lang.AssertionError: expected [Warning: Payment method required!] but found [Warning: Payment method required!
×]
at org.testng.Assert.fail(Assert.java:110)
at org.testng.Assert.failNotEquals(Assert.java:1577)
at org.testng.Assert.assertEqualsImpl(Assert.java:149)
at org.testng.Assert.assertEquals(Assert.java:131)
at org.testng.Assert.assertEquals(Assert.java:655)
at org.testng.Assert.assertEquals(Assert.java:665)
at stepDefinitions.CheckoutPageStep.user_is_able_to_buy_product_and_shows(CheckoutPageStep.java:40)
at ✽.user is able to buy product and shows "Your order has been placed!"(file:///D:/Workspace/Eclipse%20Work%201/Sept%20to%20April%2022/CucumberFramework17Sept/src/test/java/features/BuyProduct.feature:13)
]]>
    </failure>
  </testcase> <!-- runScenario -->
  <system-out/>
  <testcase classname="cucumberOptions.TestRunner" name="runScenario" time="14.727">
    <failure message="expected [Your Account Has Been Created!] but found [Register Account]" type="java.lang.AssertionError">
      <![CDATA[java.lang.AssertionError: expected [Your Account Has Been Created!] but found [Register Account]
at org.testng.Assert.fail(Assert.java:110)
at org.testng.Assert.failNotEquals(Assert.java:1577)
at org.testng.Assert.assertEqualsImpl(Assert.java:149)
at org.testng.Assert.assertEquals(Assert.java:131)
at org.testng.Assert.assertEquals(Assert.java:655)
at org.testng.Assert.assertEquals(Assert.java:665)
at stepDefinitions.RegisterPageStep.account_created_successfully_and_shows(RegisterPageStep.java:48)
at ✽.account created successfully and shows "Your Account Has Been Created!"(file:///D:/Workspace/Eclipse%20Work%201/Sept%20to%20April%2022/CucumberFramework17Sept/src/test/java/features/Register.feature:11)
]]>
    </failure>
  </testcase> <!-- runScenario -->
  <system-out/>
  <testcase classname="cucumberOptions.TestRunner" name="runScenario" time="10.548"/>
  <system-out/>
  <testcase classname="cucumberOptions.TestRunner" name="runScenario" time="8.969"/>
  <system-out/>
</testsuite> <!-- cucumberOptions.TestRunner -->
